<?xml version="1.0" encoding="UTF-8"?>
<!-- Generated by org.testng.reporters.JUnitReportReporter -->
<testsuite hostname="192.168.1.109" failures="0" tests="1" name="com.automationpractice.web.TestRunner" time="11.750" errors="0" timestamp="2022-01-05T20:10:30 GMT" skipped="0">
  <testcase classname="com.automationpractice.web.TestRunner" name="feature" time="11.750"/>
  <system-out/>
</testsuite> <!-- com.automationpractice.web.TestRunner -->
